Dataset: Citeseer():
===========================================================================================================
Number of graphs: 1
Number of features: 3703
Number of classes: 6
Data(edge_index=[2, 9104], test_mask=[3327], train_mask=[3327], val_mask=[3327], x=[3327, 3703], y=[3327])
===========================================================================================================
Number of nodes: 3327
Number of edges: 9104
Average node degree: 2.74
Number of training nodes: 120
Training node label rate: 0.04
Contains isolated nodes: True
Contains self-loops: False
Is undirected: True

Label Relation
============================================================
Gold Label Y: tensor([[0., 0., 0., 1., 0., 0.],
        [0., 1., 0., 0., 0., 0.],
        [0., 0., 0., 0., 0., 1.],
        ...,
        [0., 0., 0., 1., 0., 0.],
        [0., 1., 0., 0., 0., 0.],
        [0., 0., 0., 0., 0., 1.]])
Shape: torch.Size([3327, 6])
Transpose of Y: tensor([[0., 0., 0.,  ..., 0., 0., 0.],
        [0., 1., 0.,  ..., 0., 1., 0.],
        [0., 0., 0.,  ..., 0., 0., 0.],
        [1., 0., 0.,  ..., 1., 0., 0.],
        [0., 0., 0.,  ..., 0., 0., 0.],
        [0., 0., 1.,  ..., 0., 0., 1.]])
Shape: torch.Size([6, 3327])
Gold A: tensor([[1., 0., 0.,  ..., 1., 0., 0.],
        [0., 1., 0.,  ..., 0., 1., 0.],
        [0., 0., 1.,  ..., 0., 0., 1.],
        ...,
        [1., 0., 0.,  ..., 1., 0., 0.],
        [0., 1., 0.,  ..., 0., 1., 0.],
        [0., 0., 1.,  ..., 0., 0., 1.]])
Shape: torch.Size([3327, 3327])

Model GAT(
  (conv1): GATConv(3703, 8, heads=8)
  (conv2): GATConv(64, 6, heads=1)
)
Optimizer Adam (
Parameter Group 0
    amsgrad: False
    betas: (0.9, 0.999)
    eps: 1e-08
    lr: 0.01
    weight_decay: 0.0005

Parameter Group 1
    amsgrad: False
    betas: (0.9, 0.999)
    eps: 1e-08
    lr: 0.01
    weight_decay: 0
)
Start Training 0
===========================================================================================================
Run 0 Val. Acc. 0.732 Test Acc. 0.717
Finished Training 0 

A tensor([[1., 0., 0.,  ..., 0., 0., 0.],
        [0., 1., 0.,  ..., 0., 0., 0.],
        [0., 0., 1.,  ..., 0., 0., 0.],
        ...,
        [0., 0., 0.,  ..., 1., 0., 0.],
        [0., 0., 0.,  ..., 0., 1., 0.],
        [0., 0., 0.,  ..., 0., 0., 1.]], device='cuda:0') torch.Size([3327, 3327])
Model GAT(
  (conv1): GAT4ConvSIGIR(3703, 8, heads=8)
  (conv2): GATConv(64, 6, heads=1)
)
Optimizer Adam (
Parameter Group 0
    amsgrad: False
    betas: (0.9, 0.999)
    eps: 1e-08
    lr: 0.01
    weight_decay: 0.0005

Parameter Group 1
    amsgrad: False
    betas: (0.9, 0.999)
    eps: 1e-08
    lr: 0.01
    weight_decay: 0
)
Start Training 1
===========================================================================================================
Run 1 Val. Acc. 0.734 Test Acc. 0.721
Finished Training 1 

original data.num_edges 9104
new_edge tensor([[3294, 1715],
        [1683, 1698]], device='cuda:0') torch.Size([2, 2])
new_edge_homo tensor([[1683, 1698],
        [3294, 1715]], device='cuda:0') torch.Size([2, 2])
data.num_edges 9108
dense_adj tensor([[0., 0., 0.,  ..., 0., 0., 0.],
        [0., 0., 0.,  ..., 0., 0., 0.],
        [0., 0., 0.,  ..., 0., 0., 0.],
        ...,
        [0., 0., 0.,  ..., 0., 0., 0.],
        [0., 0., 0.,  ..., 0., 0., 0.],
        [0., 0., 0.,  ..., 0., 0., 0.]], device='cuda:0') torch.Size([3327, 3327])
dense_adj (norm) tensor([[0., 0., 0.,  ..., 0., 0., 0.],
        [0., 0., 0.,  ..., 0., 0., 0.],
        [0., 0., 0.,  ..., 0., 0., 0.],
        ...,
        [0., 0., 0.,  ..., 0., 0., 0.],
        [0., 0., 0.,  ..., 0., 0., 0.],
        [0., 0., 0.,  ..., 0., 0., 0.]], device='cuda:0') torch.Size([3327, 3327])
edge_index tensor([[   0,    1,    1,  ..., 3324, 3325, 3326],
        [ 628,  158,  486,  ..., 2820, 1643,   33]], device='cuda:0') torch.Size([2, 9108])
edge_weight tensor([1., 1., 1.,  ..., 1., 1., 1.], device='cuda:0') torch.Size([9108])
data.num_edges 9108
A tensor([[1., 0., 0.,  ..., 0., 0., 0.],
        [0., 1., 0.,  ..., 0., 0., 0.],
        [0., 0., 1.,  ..., 0., 0., 0.],
        ...,
        [0., 0., 0.,  ..., 1., 0., 0.],
        [0., 0., 0.,  ..., 0., 1., 0.],
        [0., 0., 0.,  ..., 0., 0., 1.]], device='cuda:0') torch.Size([3327, 3327])
Model GAT(
  (conv1): GAT4ConvSIGIR(3703, 8, heads=8)
  (conv2): GATConv(64, 6, heads=1)
)
Optimizer Adam (
Parameter Group 0
    amsgrad: False
    betas: (0.9, 0.999)
    eps: 1e-08
    lr: 0.01
    weight_decay: 0.0005

Parameter Group 1
    amsgrad: False
    betas: (0.9, 0.999)
    eps: 1e-08
    lr: 0.01
    weight_decay: 0
)
Start Training 2
===========================================================================================================
