Dataset: Cora():
===========================================================================================================
Number of graphs: 1
Number of features: 1433
Number of classes: 7
Data(edge_index=[2, 10556], test_mask=[2708], train_mask=[2708], val_mask=[2708], x=[2708, 1433], y=[2708])
===========================================================================================================
Number of nodes: 2708
Number of edges: 10556
Average node degree: 3.90
Number of training nodes: 140
Training node label rate: 0.05
Contains isolated nodes: False
Contains self-loops: False
Is undirected: True

Label Relation
============================================================
Gold Label Y: tensor([[0., 0., 0.,  ..., 0., 0., 0.],
        [0., 0., 0.,  ..., 1., 0., 0.],
        [0., 0., 0.,  ..., 1., 0., 0.],
        ...,
        [0., 0., 0.,  ..., 0., 0., 0.],
        [0., 0., 0.,  ..., 0., 0., 0.],
        [0., 0., 0.,  ..., 0., 0., 0.]])
Shape: torch.Size([2708, 7])
Transpose of Y: tensor([[0., 0., 0.,  ..., 0., 0., 0.],
        [0., 0., 0.,  ..., 0., 0., 0.],
        [0., 0., 0.,  ..., 0., 0., 0.],
        ...,
        [0., 1., 1.,  ..., 0., 0., 0.],
        [0., 0., 0.,  ..., 0., 0., 0.],
        [0., 0., 0.,  ..., 0., 0., 0.]])
Shape: torch.Size([7, 2708])
Gold A: tensor([[1., 0., 0.,  ..., 1., 1., 1.],
        [0., 1., 1.,  ..., 0., 0., 0.],
        [0., 1., 1.,  ..., 0., 0., 0.],
        ...,
        [1., 0., 0.,  ..., 1., 1., 1.],
        [1., 0., 0.,  ..., 1., 1., 1.],
        [1., 0., 0.,  ..., 1., 1., 1.]])
Shape: torch.Size([2708, 2708])
